The system is: Windows - 10.0.22621 - AMD64
Compiling the C compiler identification source file "CMakeCCompilerId.c" succeeded.
Compiler: C:/Program Files/Microsoft Visual Studio/2022/Community/VC/Tools/MSVC/14.33.31629/bin/HostX64/x64/cl.exe 
Build flags: 
Id flags:  

The output was:
0
Compilador de optimización de C/C++ de Microsoft (R) versión 19.33.31630 para x64
(C) Microsoft Corporation. Todos los derechos reservados.

CMakeCCompilerId.c
Microsoft (R) Incremental Linker Version 14.33.31630.0
Copyright (C) Microsoft Corporation.  All rights reserved.

/out:CMakeCCompilerId.exe 
CMakeCCompilerId.obj 


Compilation of the C compiler identification source "CMakeCCompilerId.c" produced "CMakeCCompilerId.exe"

Compilation of the C compiler identification source "CMakeCCompilerId.c" produced "CMakeCCompilerId.obj"

The C compiler identification is MSVC, found in "C:/Users/marta/Documents/AIM/3rd_semester/C++/Exercises/build-glfw-3.3.8-Desktop_Qt_5_15_2_MSVC2019_64bit-Debug/CMakeFiles/3.23.2/CompilerIdC/CMakeCCompilerId.exe"

Detecting C compiler ABI info compiled with the following output:
Change Dir: C:/Users/marta/Documents/AIM/3rd_semester/C++/Exercises/build-glfw-3.3.8-Desktop_Qt_5_15_2_MSVC2019_64bit-Debug/CMakeFiles/CMakeTmp

Run Build Command(s):C:/Users/marta/AppData/Local/Programs/Python/Python39/Scripts/ninja.exe cmTC_bba4a && [1/2] Building C object CMakeFiles\cmTC_bba4a.dir\CMakeCCompilerABI.c.obj
Nota: inclusión del archivo: C:\Qt\Tools\CMake_64\share\cmake-3.23\Modules\CMakeCompilerABI.h
[2/2] Linking C executable cmTC_bba4a.exe



